<?xml version="1.0" encoding="UTF-8"?>
<testsuites>
    <testsuite name="force.apex" timestamp="2020-07-02T16:41:57+03:00" hostname="https://resilient-otter-pzmmjt-dev-ed.my.salesforce.com" tests="1" failures="0"  errors="0"  time="0.08">
        <properties>
            <property name="outcome" value="Passed"/>
            <property name="testsRan" value="1"/>
            <property name="passing" value="1"/>
            <property name="failing" value="0"/>
            <property name="skipped" value="0"/>
            <property name="passRate" value="100%"/>
            <property name="failRate" value="0%"/>
            <property name="testStartTime" value="Jul 2, 2020 4:41 PM"/>
            <property name="testExecutionTime" value="0.08 s"/>
            <property name="testTotalTime" value="0.08 s"/>
            <property name="commandTime" value="11.53 s"/>
            <property name="hostname" value="https://resilient-otter-pzmmjt-dev-ed.my.salesforce.com"/>
            <property name="orgId" value="00D2x000005OWegEAG"/>
            <property name="username" value="rubahin@resilient-otter-pzmmjt.com"/>
            <property name="testRunId" value="7072x00000OkEth"/>
            <property name="userId" value="0052x000002CYEbAAO"/>
            <property name="testRunCoverage" value="36%"/>
            <property name="orgWideCoverage" value="6%"/>
        </properties>
        <testcase name="checkPickList_Positive" classname="TestInlineEditCtrl" time="0.08">
        </testcase>
    </testsuite>
</testsuites>
