<?xml version="1.0" encoding="UTF-8"?>
<testsuites>
    <testsuite name="force.apex" timestamp="2020-07-02T16:42:45+03:00" hostname="https://resilient-otter-pzmmjt-dev-ed.my.salesforce.com" tests="7" failures="0"  errors="0"  time="2.09">
        <properties>
            <property name="outcome" value="Passed"/>
            <property name="testsRan" value="7"/>
            <property name="passing" value="7"/>
            <property name="failing" value="0"/>
            <property name="skipped" value="0"/>
            <property name="passRate" value="100%"/>
            <property name="failRate" value="0%"/>
            <property name="testStartTime" value="Jul 2, 2020 4:42 PM"/>
            <property name="testExecutionTime" value="2.09 s"/>
            <property name="testTotalTime" value="2.09 s"/>
            <property name="commandTime" value="26.64 s"/>
            <property name="hostname" value="https://resilient-otter-pzmmjt-dev-ed.my.salesforce.com"/>
            <property name="orgId" value="00D2x000005OWegEAG"/>
            <property name="username" value="rubahin@resilient-otter-pzmmjt.com"/>
            <property name="testRunId" value="7072x00000OkEv9"/>
            <property name="userId" value="0052x000002CYEbAAO"/>
            <property name="testRunCoverage" value="89%"/>
            <property name="orgWideCoverage" value="14%"/>
        </properties>
        <testcase name="checkDeleteAccount_Negative" classname="TestInlineEditCtrl" time="0.52">
        </testcase>
        <testcase name="checkDeleteAccount_Positive" classname="TestInlineEditCtrl" time="1.3">
        </testcase>
        <testcase name="checkGetAccounts_Negative" classname="TestInlineEditCtrl" time="0.02">
        </testcase>
        <testcase name="checkGetAccounts_Positive" classname="TestInlineEditCtrl" time="0.07">
        </testcase>
        <testcase name="checkPickList_Positive" classname="TestInlineEditCtrl" time="0.02">
        </testcase>
        <testcase name="checkUpdateField_Negative" classname="TestInlineEditCtrl" time="0.08">
        </testcase>
        <testcase name="checkUpdateField_Positive" classname="TestInlineEditCtrl" time="0.08">
        </testcase>
    </testsuite>
</testsuites>
