<?xml version="1.0" encoding="UTF-8"?>
<testsuites>
    <testsuite name="force.apex" timestamp="2020-07-02T11:09:30+03:00" hostname="https://resilient-otter-pzmmjt-dev-ed.my.salesforce.com" tests="6" failures="0"  errors="0"  time="0.88">
        <properties>
            <property name="outcome" value="Passed"/>
            <property name="testsRan" value="6"/>
            <property name="passing" value="6"/>
            <property name="failing" value="0"/>
            <property name="skipped" value="0"/>
            <property name="passRate" value="100%"/>
            <property name="failRate" value="0%"/>
            <property name="testStartTime" value="Jul 2, 2020 11:09 AM"/>
            <property name="testExecutionTime" value="0.88 s"/>
            <property name="testTotalTime" value="0.88 s"/>
            <property name="commandTime" value="14.66 s"/>
            <property name="hostname" value="https://resilient-otter-pzmmjt-dev-ed.my.salesforce.com"/>
            <property name="orgId" value="00D2x000005OWegEAG"/>
            <property name="username" value="rubahin@resilient-otter-pzmmjt.com"/>
            <property name="testRunId" value="7072x00000Ok27c"/>
            <property name="userId" value="0052x000002CYEbAAO"/>
            <property name="testRunCoverage" value="52%"/>
            <property name="orgWideCoverage" value="8%"/>
        </properties>
        <testcase name="checkDeleteAccount_Negative" classname="TestInlineEditCtrl" time="0.19">
        </testcase>
        <testcase name="checkDeleteAccount_Positive" classname="TestInlineEditCtrl" time="0.42">
        </testcase>
        <testcase name="checkGetAccounts_Negative" classname="TestInlineEditCtrl" time="0.02">
        </testcase>
        <testcase name="checkGetAccounts_Positive" classname="TestInlineEditCtrl" time="0.07">
        </testcase>
        <testcase name="checkUpdateField_Negative" classname="TestInlineEditCtrl" time="0.09">
        </testcase>
        <testcase name="checkUpdateField_Positive" classname="TestInlineEditCtrl" time="0.09">
        </testcase>
    </testsuite>
</testsuites>
